<?xml version="1.0" encoding="UTF-8"?>
<!-- Generated by org.testng.reporters.JUnitReportReporter -->
<testsuite hostname="Roushan" failures="0" tests="4" name="com.TestRunner.Runner" time="204.178" errors="0" timestamp="2025-08-08T22:06:45 IST" skipped="0">
  <testcase classname="com.TestRunner.Runner" name="runScenario" time="53.122"/>
  <testcase classname="com.TestRunner.Runner" name="runScenario" time="60.611"/>
  <testcase classname="com.TestRunner.Runner" name="runScenario" time="47.312"/>
  <testcase classname="com.TestRunner.Runner" name="runScenario" time="43.133"/>
</testsuite> <!-- com.TestRunner.Runner -->
