<?xml version="1.0" encoding="UTF-8"?>
<!-- Generated by org.testng.reporters.JUnitReportReporter -->
<testsuite hostname="Roushan" failures="0" tests="7" name="com.TestRunner.Runner" time="813.377" errors="0" timestamp="2025-08-08T22:56:18 IST" skipped="0">
  <testcase classname="com.TestRunner.Runner" name="runScenario" time="115.106"/>
  <testcase classname="com.TestRunner.Runner" name="runScenario" time="114.875"/>
  <testcase classname="com.TestRunner.Runner" name="runScenario" time="120.292"/>
  <testcase classname="com.TestRunner.Runner" name="runScenario" time="111.360"/>
  <testcase classname="com.TestRunner.Runner" name="runScenario" time="117.407"/>
  <testcase classname="com.TestRunner.Runner" name="runScenario" time="120.695"/>
  <testcase classname="com.TestRunner.Runner" name="runScenario" time="113.642"/>
</testsuite> <!-- com.TestRunner.Runner -->
