<?xml version="1.0" encoding="UTF-8"?>
<!-- Generated by org.testng.reporters.JUnitReportReporter -->
<testsuite hostname="Roushan" failures="0" tests="1" name="com.TestRunner.Runner" time="32.992" errors="0" timestamp="2025-08-08T02:55:23 IST" skipped="0">
  <testcase classname="com.TestRunner.Runner" name="runScenario" time="32.992"/>
</testsuite> <!-- com.TestRunner.Runner -->
