<?xml version="1.0" encoding="UTF-8"?>
<!-- Generated by org.testng.reporters.JUnitReportReporter -->
<testsuite hostname="Roushan" failures="0" tests="8" name="com.TestRunner.Runner" time="120.613" errors="0" timestamp="2025-08-07T21:54:16 IST" skipped="0">
  <testcase classname="com.TestRunner.Runner" name="runScenario" time="7.727"/>
  <testcase classname="com.TestRunner.Runner" name="runScenario" time="7.824"/>
  <testcase classname="com.TestRunner.Runner" name="runScenario" time="25.582"/>
  <testcase classname="com.TestRunner.Runner" name="runScenario" time="8.459"/>
  <testcase classname="com.TestRunner.Runner" name="runScenario" time="9.985"/>
  <testcase classname="com.TestRunner.Runner" name="runScenario" time="8.218"/>
  <testcase classname="com.TestRunner.Runner" name="runScenario" time="12.904"/>
  <testcase classname="com.TestRunner.Runner" name="runScenario" time="39.914"/>
</testsuite> <!-- com.TestRunner.Runner -->
