<?xml version="1.0" encoding="UTF-8"?>
<!-- Generated by org.testng.reporters.JUnitReportReporter -->
<testsuite hostname="Roushan" failures="0" tests="8" name="com.TestRunner.Runner" time="1691.509" errors="0" timestamp="2025-08-08T03:01:34 GMT+05:30" skipped="0">
  <testcase classname="com.TestRunner.Runner" name="runScenario" time="211.230"/>
  <testcase classname="com.TestRunner.Runner" name="runScenario" time="211.181"/>
  <testcase classname="com.TestRunner.Runner" name="runScenario" time="212.598"/>
  <testcase classname="com.TestRunner.Runner" name="runScenario" time="209.450"/>
  <testcase classname="com.TestRunner.Runner" name="runScenario" time="210.495"/>
  <testcase classname="com.TestRunner.Runner" name="runScenario" time="208.208"/>
  <testcase classname="com.TestRunner.Runner" name="runScenario" time="211.056"/>
  <testcase classname="com.TestRunner.Runner" name="runScenario" time="217.291"/>
</testsuite> <!-- com.TestRunner.Runner -->
