<?xml version="1.0" encoding="UTF-8"?>
<!-- Generated by org.testng.reporters.JUnitReportReporter -->
<testsuite hostname="Roushan" failures="0" tests="7" name="com.TestRunner.Runner" time="1218.838" errors="0" timestamp="2025-08-08T22:15:13 IST" skipped="0">
  <testcase classname="com.TestRunner.Runner" name="runScenario" time="181.149"/>
  <testcase classname="com.TestRunner.Runner" name="runScenario" time="163.980"/>
  <testcase classname="com.TestRunner.Runner" name="runScenario" time="155.068"/>
  <testcase classname="com.TestRunner.Runner" name="runScenario" time="167.330"/>
  <testcase classname="com.TestRunner.Runner" name="runScenario" time="184.111"/>
  <testcase classname="com.TestRunner.Runner" name="runScenario" time="183.614"/>
  <testcase classname="com.TestRunner.Runner" name="runScenario" time="183.586"/>
</testsuite> <!-- com.TestRunner.Runner -->
